<?xml version="1.0" encoding="UTF-8"?>
<!-- Generated by org.testng.reporters.JUnitReportReporter -->
<testsuite skipped="0" hostname="jarvis" name="PoojaAcademy.MavenProject.SeleniumTest" tests="2" failures="0" timestamp="2021-05-01T20:09:14 IST" time="0.001" errors="0">
  <testcase name="BrowserAutomation" time="0.001" classname="PoojaAcademy.MavenProject.SeleniumTest"/>
  <system-out/>
  <testcase name="ElementUi" time="0.000" classname="PoojaAcademy.MavenProject.SeleniumTest"/>
  <system-out/>
</testsuite> <!-- PoojaAcademy.MavenProject.SeleniumTest -->
