<?xml version="1.0" encoding="UTF-8"?>
<!-- Generated by org.testng.reporters.JUnitReportReporter -->
<testsuite skipped="0" hostname="jarvis" name="PoojaAcademy.MavenProject.RestAPITest" tests="2" failures="0" timestamp="2021-05-01T20:09:14 IST" time="0.000" errors="0">
  <testcase name="postJIRA" time="0.000" classname="PoojaAcademy.MavenProject.RestAPITest"/>
  <system-out/>
  <testcase name="deleteTwitter" time="0.000" classname="PoojaAcademy.MavenProject.RestAPITest"/>
  <system-out/>
</testsuite> <!-- PoojaAcademy.MavenProject.RestAPITest -->
