<?xml version="1.0" encoding="UTF-8"?>
<!-- Generated by org.testng.reporters.JUnitReportReporter -->
<testsuite skipped="0" hostname="jarvis" name="PoojaAcademy.MavenProject.AppiumTest" tests="2" failures="0" timestamp="2021-05-01T20:09:14 IST" time="0.023" errors="0">
  <testcase name="IOSApps" time="0.023" classname="PoojaAcademy.MavenProject.AppiumTest"/>
  <system-out/>
  <testcase name="nativeAppAndroid" time="0.000" classname="PoojaAcademy.MavenProject.AppiumTest"/>
  <system-out/>
</testsuite> <!-- PoojaAcademy.MavenProject.AppiumTest -->
